<?xml version="1.0" encoding="UTF-8"?>
<!-- Generated by org.testng.reporters.JUnitXMLReporter -->
<testsuite ignored="0" hostname="DESKTOP-QNR0K37" failures="2" tests="6" name="Test" time="0.449" errors="0" timestamp="2020-07-20T18:25:11 IST">
  <testcase classname="listners.TestNGListnersDemo" name="test1" time="0.138"/>
  <testcase classname="listners.TestNGListnersDemo" name="test2" time="0.014">
    <failure type="java.lang.AssertionError" message="expected [true] but found [false]">
      <![CDATA[java.lang.AssertionError: expected [true] but found [false]
at listners.TestNGListnersDemo.test2(TestNGListnersDemo.java:20)
at java.base/java.util.ArrayList.forEach(ArrayList.java:1510)
... Removed 31 stack frames]]>
    </failure>
  </testcase> <!-- test2 -->
  <testcase classname="listners.TestNGListnersDemo" name="test3" time="0.006">
    <skipped/>
  </testcase> <!-- test3 -->
  <testcase classname="listners.TestNGListnersDemo2" name="test1" time="0.006"/>
  <testcase classname="listners.TestNGListnersDemo2" name="test2" time="0.004">
    <failure type="java.lang.AssertionError" message="expected [true] but found [false]">
      <![CDATA[java.lang.AssertionError: expected [true] but found [false]
at listners.TestNGListnersDemo2.test2(TestNGListnersDemo2.java:20)
at java.base/java.util.ArrayList.forEach(ArrayList.java:1510)
... Removed 31 stack frames]]>
    </failure>
  </testcase> <!-- test2 -->
  <testcase classname="listners.TestNGListnersDemo2" name="test3" time="0.004">
    <skipped/>
  </testcase> <!-- test3 -->
</testsuite> <!-- Test -->
