<?xml version="1.0" encoding="UTF-8"?>
<testng-results ignored="0" total="1" passed="1" failed="0" skipped="0">
  <reporter-output>
  </reporter-output>
  <suite started-at="2020-07-22T18:09:14 IST" name="Default suite" finished-at="2020-07-22T18:10:54 IST" duration-ms="100226">
    <groups>
    </groups>
    <test started-at="2020-07-22T18:09:14 IST" name="Default test" finished-at="2020-07-22T18:10:54 IST" duration-ms="100226">
      <class name="demo.TestNGRecord">
        <test-method is-config="true" signature="setUp()[pri:0, instance:demo.TestNGRecord@27ce24aa]" started-at="2020-07-22T18:09:14 IST" name="setUp" finished-at="2020-07-22T18:10:15 IST" duration-ms="60963" status="PASS">
          <reporter-output>
          </reporter-output>
        </test-method> <!-- setUp -->
        <test-method signature="test()[pri:0, instance:demo.TestNGRecord@27ce24aa]" started-at="2020-07-22T18:10:15 IST" name="test" finished-at="2020-07-22T18:10:50 IST" duration-ms="35473" status="PASS">
          <reporter-output>
          </reporter-output>
        </test-method> <!-- test -->
        <test-method is-config="true" signature="tearDown()[pri:0, instance:demo.TestNGRecord@27ce24aa]" started-at="2020-07-22T18:10:50 IST" name="tearDown" finished-at="2020-07-22T18:10:54 IST" duration-ms="3637" status="PASS">
          <reporter-output>
          </reporter-output>
        </test-method> <!-- tearDown -->
      </class> <!-- demo.TestNGRecord -->
    </test> <!-- Default test -->
  </suite> <!-- Default suite -->
</testng-results>
